<?xml version="1.0" encoding="UTF-8"?>
<testng-results skipped="2" failed="0" total="2" passed="0">
  <reporter-output>
    <line>
      <![CDATA[[ configure ] LOADING configuration]]>
    </line>
    <line>
      <![CDATA[[ configure ] ENABLING selenium web driver]]>
    </line>
    <line>
      <![CDATA[[ initNetworkEnvironment ] LOADING environment]]>
    </line>
    <line>
      <![CDATA[[ initNetworkEnvironment ] LOADING custom network environment configuration ( e4o_qa5_noida )]]>
    </line>
    <line>
      <![CDATA[[ initSeleniumWebDriver ] LOADING default gui server ( actrule1 )]]>
    </line>
    <line>
      <![CDATA[[ initSeleniumWebDriver ] LOADING default gui user ( superman )]]>
    </line>
    <line>
      <![CDATA[[ initSeleniumWebDriver ] LOADING custom selenium web driver configuration ( {"remote":{"selenium_hub":"http://ci.lumata.int/wd/hub","capability":{"platform":"WINDOWS","browserName":"firefox"}},"local":{"firefox":{},"browserName":"firefox"},"type":"local"} )]]>
    </line>
  </reporter-output>
  <suite name="Default suite" duration-ms="56421" started-at="2016-01-05T05:27:19Z" finished-at="2016-01-05T05:28:16Z">
    <groups>
    </groups>
    <test name="Default test" duration-ms="56421" started-at="2016-01-05T05:27:19Z" finished-at="2016-01-05T05:28:16Z">
      <class name="com.lumata.e4o.regressions.gui.TestLoginManagementLdapUser">
        <test-method status="FAIL" signature="init(java.lang.String, java.lang.String)[pri:0, instance:com.lumata.e4o.regressions.gui.TestLoginManagementLdapUser@315351de]" name="init" is-config="true" duration-ms="0" started-at="2016-01-05T10:57:19Z" finished-at="2016-01-05T10:57:19Z">
          <params>
            <param index="0">
              <value>
                <![CDATA[{ 'envFile':'e4o_qa5_noida', 'schemaGlobal': 'global', 'schemaMaster': 'tenantMaster', 'schemaReport': 'tenantReport', 'guiServer':'actrule1', 'guiUser':'superman' }]]>
              </value>
            </param>
            <param index="1">
              <value>
                <![CDATA[{ 'type':'local', 'local': { 'browserName':'firefox', 'firefox': {} }, 'remote': { 'selenium_hub':'http://ci.lumata.int/wd/hub', 'capability': { 'platform': 'WINDOWS', 'browserName': 'firefox' } } }]]>
              </value>
            </param>
          </params>
          <exception class="org.testng.TestNGException">
            <message>
              <![CDATA[
Failed to connect to binary FirefoxBinary(C:\Program Files (x86)\Mozilla Firefox\firefox.exe) on port 7055; process output follows: 
{"d":"C:\\Users\\BDII12~1.BDI\\AppData\\Local\\Temp\\anonymous2834783879989619608webdriver-profile\\extensions\\fxdriver@googlecode.com","e":false,"v":"2.45.0","st":1451971643013,"mt":1451971642617}},"app-global":{"{82AF8DCA-6DE9-405D-BD5E-43525BDAD38A}":{"d":"C:\\Program Files (x86)\\Mozilla Firefox\\browser\\extensions\\{82AF8DCA-6DE9-405D-BD5E-43525BDAD38A}.xpi","e":true,"v":"7.5.0.9082","st":1444303946000},"{972ce4c6-7e08-4474-a285-3208198ce6fd}":{"d":"C:\\Program Files (x86)\\Mozilla Firefox\\browser\\extensions\\{972ce4c6-7e08-4474-a285-3208198ce6fd}","e":true,"v":"43.0.3","st":1451460200813,"mt":1451460200235}}}
1451971651129	addons.xpi	DEBUG	No changes found
1451971651135	addons.xpi	DEBUG	Registering manifest for C:\Program Files (x86)\Mozilla Firefox\browser\extensions\{82AF8DCA-6DE9-405D-BD5E-43525BDAD38A}.xpi
1451971651136	addons.xpi	DEBUG	Loading bootstrap scope from C:\Program Files (x86)\Mozilla Firefox\browser\extensions\{82AF8DCA-6DE9-405D-BD5E-43525BDAD38A}.xpi
1451971651141	addons.xpi	DEBUG	Calling bootstrap method startup on {82AF8DCA-6DE9-405D-BD5E-43525BDAD38A} version 7.5.0.9082
1451971651183	addons.manager	DEBUG	Registering shutdown blocker for XPIProvider
1451971651183	addons.manager	DEBUG	Provider finished startup: XPIProvider
1451971651183	addons.manager	DEBUG	Starting provider: LightweightThemeManager
1451971651183	addons.manager	DEBUG	Registering shutdown blocker for LightweightThemeManager
1451971651183	addons.manager	DEBUG	Provider finished startup: LightweightThemeManager
1451971651184	addons.manager	DEBUG	Starting provider: GMPProvider
1451971651190	addons.manager	DEBUG	Registering shutdown blocker for GMPProvider
1451971651190	addons.manager	DEBUG	Provider finished startup: GMPProvider
1451971651190	addons.manager	DEBUG	Starting provider: PluginProvider
1451971651190	addons.manager	DEBUG	Registering shutdown blocker for PluginProvider
1451971651190	addons.manager	DEBUG	Provider finished startup: PluginProvider
1451971651191	addons.manager	DEBUG	Completed startup sequence
1451971651305	addons.xpi-utils	DEBUG	Starting async load of XPI database C:\Users\BDII12~1.BDI\AppData\Local\Temp\anonymous2834783879989619608webdriver-profile\extensions.json
*** Blocklist::_loadBlocklistFromFile: blocklist is disabled
1451971651414	addons.manager	DEBUG	Starting provider: <unnamed-provider>
1451971651414	addons.manager	DEBUG	Registering shutdown blocker for <unnamed-provider>
1451971651414	addons.manager	DEBUG	Provider finished startup: <unnamed-provider>
1451971651506	addons.xpi-utils	DEBUG	Async JSON file read took 0 MS
1451971651506	addons.xpi-utils	DEBUG	Finished async read of XPI database, parsing...
1451971651508	addons.xpi-utils	DEBUG	Successfully read XPI database
1451971653460	addons.manager	DEBUG	Starting provider: PreviousExperimentProvider
1451971653461	addons.manager	DEBUG	Registering shutdown blocker for PreviousExperimentProvider
1451971653461	addons.manager	DEBUG	Provider finished startup: PreviousExperimentProvider
JavaScript error: resource://skype_ff_extension-at-jetpack/skype_ff_extension/data/c2c_options_menu_localization.js, line 189: TypeError: document.getElementById(...) is null
1451971689954	addons.xpi	DEBUG	Calling bootstrap method shutdown on {82AF8DCA-6DE9-405D-BD5E-43525BDAD38A} version 7.5.0.9082
1451971690110	addons.manager	DEBUG	shutdown
1451971690111	addons.manager	DEBUG	Calling shutdown blocker for XPIProvider
1451971690111	addons.xpi	DEBUG	shutdown
1451971690111	addons.xpi-utils	DEBUG	shutdown
1451971690112	addons.manager	DEBUG	Calling shutdown blocker for LightweightThemeManager
1451971690112	addons.manager	DEBUG	Calling shutdown blocker for GMPProvider
1451971690113	addons.manager	DEBUG	Calling shutdown blocker for PluginProvider
1451971690113	addons.manager	DEBUG	Calling shutdown blocker for <unnamed-provider>
1451971690115	addons.manager	DEBUG	Calling shutdown blocker for PreviousExperimentProvider
1451971690118	addons.xpi	DEBUG	Notifying XPI shutdown observers
1451971690122	addons.manager	DEBUG	Async provider shutdown done

Build info: version: '2.45.0', revision: '5017cb8e7ca8e37638dc3091b2440b90a1d8686f', time: '2015-02-27 09:10:26'
System info: host: 'BDII1286', ip: '10.120.65.25', os.name: 'Windows 7', os.arch: 'amd64', os.version: '6.1', java.version: '1.7.0_72'
Driver info: driver.version: SeleniumWebDriver]]>
            </message>
            <full-stacktrace>
              <![CDATA[org.testng.TestNGException: 
Failed to connect to binary FirefoxBinary(C:\Program Files (x86)\Mozilla Firefox\firefox.exe) on port 7055; process output follows: 
{"d":"C:\\Users\\BDII12~1.BDI\\AppData\\Local\\Temp\\anonymous2834783879989619608webdriver-profile\\extensions\\fxdriver@googlecode.com","e":false,"v":"2.45.0","st":1451971643013,"mt":1451971642617}},"app-global":{"{82AF8DCA-6DE9-405D-BD5E-43525BDAD38A}":{"d":"C:\\Program Files (x86)\\Mozilla Firefox\\browser\\extensions\\{82AF8DCA-6DE9-405D-BD5E-43525BDAD38A}.xpi","e":true,"v":"7.5.0.9082","st":1444303946000},"{972ce4c6-7e08-4474-a285-3208198ce6fd}":{"d":"C:\\Program Files (x86)\\Mozilla Firefox\\browser\\extensions\\{972ce4c6-7e08-4474-a285-3208198ce6fd}","e":true,"v":"43.0.3","st":1451460200813,"mt":1451460200235}}}
1451971651129	addons.xpi	DEBUG	No changes found
1451971651135	addons.xpi	DEBUG	Registering manifest for C:\Program Files (x86)\Mozilla Firefox\browser\extensions\{82AF8DCA-6DE9-405D-BD5E-43525BDAD38A}.xpi
1451971651136	addons.xpi	DEBUG	Loading bootstrap scope from C:\Program Files (x86)\Mozilla Firefox\browser\extensions\{82AF8DCA-6DE9-405D-BD5E-43525BDAD38A}.xpi
1451971651141	addons.xpi	DEBUG	Calling bootstrap method startup on {82AF8DCA-6DE9-405D-BD5E-43525BDAD38A} version 7.5.0.9082
1451971651183	addons.manager	DEBUG	Registering shutdown blocker for XPIProvider
1451971651183	addons.manager	DEBUG	Provider finished startup: XPIProvider
1451971651183	addons.manager	DEBUG	Starting provider: LightweightThemeManager
1451971651183	addons.manager	DEBUG	Registering shutdown blocker for LightweightThemeManager
1451971651183	addons.manager	DEBUG	Provider finished startup: LightweightThemeManager
1451971651184	addons.manager	DEBUG	Starting provider: GMPProvider
1451971651190	addons.manager	DEBUG	Registering shutdown blocker for GMPProvider
1451971651190	addons.manager	DEBUG	Provider finished startup: GMPProvider
1451971651190	addons.manager	DEBUG	Starting provider: PluginProvider
1451971651190	addons.manager	DEBUG	Registering shutdown blocker for PluginProvider
1451971651190	addons.manager	DEBUG	Provider finished startup: PluginProvider
1451971651191	addons.manager	DEBUG	Completed startup sequence
1451971651305	addons.xpi-utils	DEBUG	Starting async load of XPI database C:\Users\BDII12~1.BDI\AppData\Local\Temp\anonymous2834783879989619608webdriver-profile\extensions.json
*** Blocklist::_loadBlocklistFromFile: blocklist is disabled
1451971651414	addons.manager	DEBUG	Starting provider: <unnamed-provider>
1451971651414	addons.manager	DEBUG	Registering shutdown blocker for <unnamed-provider>
1451971651414	addons.manager	DEBUG	Provider finished startup: <unnamed-provider>
1451971651506	addons.xpi-utils	DEBUG	Async JSON file read took 0 MS
1451971651506	addons.xpi-utils	DEBUG	Finished async read of XPI database, parsing...
1451971651508	addons.xpi-utils	DEBUG	Successfully read XPI database
1451971653460	addons.manager	DEBUG	Starting provider: PreviousExperimentProvider
1451971653461	addons.manager	DEBUG	Registering shutdown blocker for PreviousExperimentProvider
1451971653461	addons.manager	DEBUG	Provider finished startup: PreviousExperimentProvider
JavaScript error: resource://skype_ff_extension-at-jetpack/skype_ff_extension/data/c2c_options_menu_localization.js, line 189: TypeError: document.getElementById(...) is null
1451971689954	addons.xpi	DEBUG	Calling bootstrap method shutdown on {82AF8DCA-6DE9-405D-BD5E-43525BDAD38A} version 7.5.0.9082
1451971690110	addons.manager	DEBUG	shutdown
1451971690111	addons.manager	DEBUG	Calling shutdown blocker for XPIProvider
1451971690111	addons.xpi	DEBUG	shutdown
1451971690111	addons.xpi-utils	DEBUG	shutdown
1451971690112	addons.manager	DEBUG	Calling shutdown blocker for LightweightThemeManager
1451971690112	addons.manager	DEBUG	Calling shutdown blocker for GMPProvider
1451971690113	addons.manager	DEBUG	Calling shutdown blocker for PluginProvider
1451971690113	addons.manager	DEBUG	Calling shutdown blocker for <unnamed-provider>
1451971690115	addons.manager	DEBUG	Calling shutdown blocker for PreviousExperimentProvider
1451971690118	addons.xpi	DEBUG	Notifying XPI shutdown observers
1451971690122	addons.manager	DEBUG	Async provider shutdown done

Build info: version: '2.45.0', revision: '5017cb8e7ca8e37638dc3091b2440b90a1d8686f', time: '2015-02-27 09:10:26'
System info: host: 'BDII1286', ip: '10.120.65.25', os.name: 'Windows 7', os.arch: 'amd64', os.version: '6.1', java.version: '1.7.0_72'
Driver info: driver.version: SeleniumWebDriver
	at com.lumata.e4o.testing.common.ParentTestCase.initSeleniumWebDriver(ParentTestCase.java:596)
	at com.lumata.e4o.testing.common.ParentTestCase.init(ParentTestCase.java:309)
	at sun.reflect.NativeMethodAccessorImpl.invoke0(Native Method)
	at sun.reflect.NativeMethodAccessorImpl.invoke(NativeMethodAccessorImpl.java:57)
	at sun.reflect.DelegatingMethodAccessorImpl.invoke(DelegatingMethodAccessorImpl.java:43)
	at java.lang.reflect.Method.invoke(Method.java:606)
	at org.testng.internal.MethodInvocationHelper.invokeMethod(MethodInvocationHelper.java:84)
	at org.testng.internal.Invoker.invokeConfigurationMethod(Invoker.java:564)
	at org.testng.internal.Invoker.invokeConfigurations(Invoker.java:213)
	at org.testng.internal.Invoker.invokeConfigurations(Invoker.java:138)
	at org.testng.internal.TestMethodWorker.invokeBeforeClassMethods(TestMethodWorker.java:175)
	at org.testng.internal.TestMethodWorker.run(TestMethodWorker.java:107)
	at org.testng.TestRunner.privateRun(TestRunner.java:767)
	at org.testng.TestRunner.run(TestRunner.java:617)
	at org.testng.SuiteRunner.runTest(SuiteRunner.java:334)
	at org.testng.SuiteRunner.runSequentially(SuiteRunner.java:329)
	at org.testng.SuiteRunner.privateRun(SuiteRunner.java:291)
	at org.testng.SuiteRunner.run(SuiteRunner.java:240)
	at org.testng.SuiteRunnerWorker.runSuite(SuiteRunnerWorker.java:52)
	at org.testng.SuiteRunnerWorker.run(SuiteRunnerWorker.java:86)
	at org.testng.TestNG.runSuitesSequentially(TestNG.java:1224)
	at org.testng.TestNG.runSuitesLocally(TestNG.java:1149)
	at org.testng.TestNG.run(TestNG.java:1057)
	at org.testng.remote.RemoteTestNG.run(RemoteTestNG.java:111)
	at org.testng.remote.RemoteTestNG.initAndRun(RemoteTestNG.java:204)
	at org.testng.remote.RemoteTestNG.main(RemoteTestNG.java:175)
Caused by: com.thoughtworks.selenium.SeleniumException: Failed to connect to binary FirefoxBinary(C:\Program Files (x86)\Mozilla Firefox\firefox.exe) on port 7055; process output follows: 
{"d":"C:\\Users\\BDII12~1.BDI\\AppData\\Local\\Temp\\anonymous2834783879989619608webdriver-profile\\extensions\\fxdriver@googlecode.com","e":false,"v":"2.45.0","st":1451971643013,"mt":1451971642617}},"app-global":{"{82AF8DCA-6DE9-405D-BD5E-43525BDAD38A}":{"d":"C:\\Program Files (x86)\\Mozilla Firefox\\browser\\extensions\\{82AF8DCA-6DE9-405D-BD5E-43525BDAD38A}.xpi","e":true,"v":"7.5.0.9082","st":1444303946000},"{972ce4c6-7e08-4474-a285-3208198ce6fd}":{"d":"C:\\Program Files (x86)\\Mozilla Firefox\\browser\\extensions\\{972ce4c6-7e08-4474-a285-3208198ce6fd}","e":true,"v":"43.0.3","st":1451460200813,"mt":1451460200235}}}
1451971651129	addons.xpi	DEBUG	No changes found
1451971651135	addons.xpi	DEBUG	Registering manifest for C:\Program Files (x86)\Mozilla Firefox\browser\extensions\{82AF8DCA-6DE9-405D-BD5E-43525BDAD38A}.xpi
1451971651136	addons.xpi	DEBUG	Loading bootstrap scope from C:\Program Files (x86)\Mozilla Firefox\browser\extensions\{82AF8DCA-6DE9-405D-BD5E-43525BDAD38A}.xpi
1451971651141	addons.xpi	DEBUG	Calling bootstrap method startup on {82AF8DCA-6DE9-405D-BD5E-43525BDAD38A} version 7.5.0.9082
1451971651183	addons.manager	DEBUG	Registering shutdown blocker for XPIProvider
1451971651183	addons.manager	DEBUG	Provider finished startup: XPIProvider
1451971651183	addons.manager	DEBUG	Starting provider: LightweightThemeManager
1451971651183	addons.manager	DEBUG	Registering shutdown blocker for LightweightThemeManager
1451971651183	addons.manager	DEBUG	Provider finished startup: LightweightThemeManager
1451971651184	addons.manager	DEBUG	Starting provider: GMPProvider
1451971651190	addons.manager	DEBUG	Registering shutdown blocker for GMPProvider
1451971651190	addons.manager	DEBUG	Provider finished startup: GMPProvider
1451971651190	addons.manager	DEBUG	Starting provider: PluginProvider
1451971651190	addons.manager	DEBUG	Registering shutdown blocker for PluginProvider
1451971651190	addons.manager	DEBUG	Provider finished startup: PluginProvider
1451971651191	addons.manager	DEBUG	Completed startup sequence
1451971651305	addons.xpi-utils	DEBUG	Starting async load of XPI database C:\Users\BDII12~1.BDI\AppData\Local\Temp\anonymous2834783879989619608webdriver-profile\extensions.json
*** Blocklist::_loadBlocklistFromFile: blocklist is disabled
1451971651414	addons.manager	DEBUG	Starting provider: <unnamed-provider>
1451971651414	addons.manager	DEBUG	Registering shutdown blocker for <unnamed-provider>
1451971651414	addons.manager	DEBUG	Provider finished startup: <unnamed-provider>
1451971651506	addons.xpi-utils	DEBUG	Async JSON file read took 0 MS
1451971651506	addons.xpi-utils	DEBUG	Finished async read of XPI database, parsing...
1451971651508	addons.xpi-utils	DEBUG	Successfully read XPI database
1451971653460	addons.manager	DEBUG	Starting provider: PreviousExperimentProvider
1451971653461	addons.manager	DEBUG	Registering shutdown blocker for PreviousExperimentProvider
1451971653461	addons.manager	DEBUG	Provider finished startup: PreviousExperimentProvider
JavaScript error: resource://skype_ff_extension-at-jetpack/skype_ff_extension/data/c2c_options_menu_localization.js, line 189: TypeError: document.getElementById(...) is null
1451971689954	addons.xpi	DEBUG	Calling bootstrap method shutdown on {82AF8DCA-6DE9-405D-BD5E-43525BDAD38A} version 7.5.0.9082
1451971690110	addons.manager	DEBUG	shutdown
1451971690111	addons.manager	DEBUG	Calling shutdown blocker for XPIProvider
1451971690111	addons.xpi	DEBUG	shutdown
1451971690111	addons.xpi-utils	DEBUG	shutdown
1451971690112	addons.manager	DEBUG	Calling shutdown blocker for LightweightThemeManager
1451971690112	addons.manager	DEBUG	Calling shutdown blocker for GMPProvider
1451971690113	addons.manager	DEBUG	Calling shutdown blocker for PluginProvider
1451971690113	addons.manager	DEBUG	Calling shutdown blocker for <unnamed-provider>
1451971690115	addons.manager	DEBUG	Calling shutdown blocker for PreviousExperimentProvider
1451971690118	addons.xpi	DEBUG	Notifying XPI shutdown observers
1451971690122	addons.manager	DEBUG	Async provider shutdown done

Build info: version: '2.45.0', revision: '5017cb8e7ca8e37638dc3091b2440b90a1d8686f', time: '2015-02-27 09:10:26'
System info: host: 'BDII1286', ip: '10.120.65.25', os.name: 'Windows 7', os.arch: 'amd64', os.version: '6.1', java.version: '1.7.0_72'
Driver info: driver.version: SeleniumWebDriver
	at com.lumata.common.testing.selenium.SeleniumWebDriver.getInstance(SeleniumWebDriver.java:301)
	at com.lumata.e4o.testing.common.ParentTestCase.initSeleniumWebDriver(ParentTestCase.java:582)
	... 25 more
Caused by: org.openqa.selenium.WebDriverException: Failed to connect to binary FirefoxBinary(C:\Program Files (x86)\Mozilla Firefox\firefox.exe) on port 7055; process output follows: 
{"d":"C:\\Users\\BDII12~1.BDI\\AppData\\Local\\Temp\\anonymous2834783879989619608webdriver-profile\\extensions\\fxdriver@googlecode.com","e":false,"v":"2.45.0","st":1451971643013,"mt":1451971642617}},"app-global":{"{82AF8DCA-6DE9-405D-BD5E-43525BDAD38A}":{"d":"C:\\Program Files (x86)\\Mozilla Firefox\\browser\\extensions\\{82AF8DCA-6DE9-405D-BD5E-43525BDAD38A}.xpi","e":true,"v":"7.5.0.9082","st":1444303946000},"{972ce4c6-7e08-4474-a285-3208198ce6fd}":{"d":"C:\\Program Files (x86)\\Mozilla Firefox\\browser\\extensions\\{972ce4c6-7e08-4474-a285-3208198ce6fd}","e":true,"v":"43.0.3","st":1451460200813,"mt":1451460200235}}}
1451971651129	addons.xpi	DEBUG	No changes found
1451971651135	addons.xpi	DEBUG	Registering manifest for C:\Program Files (x86)\Mozilla Firefox\browser\extensions\{82AF8DCA-6DE9-405D-BD5E-43525BDAD38A}.xpi
1451971651136	addons.xpi	DEBUG	Loading bootstrap scope from C:\Program Files (x86)\Mozilla Firefox\browser\extensions\{82AF8DCA-6DE9-405D-BD5E-43525BDAD38A}.xpi
1451971651141	addons.xpi	DEBUG	Calling bootstrap method startup on {82AF8DCA-6DE9-405D-BD5E-43525BDAD38A} version 7.5.0.9082
1451971651183	addons.manager	DEBUG	Registering shutdown blocker for XPIProvider
1451971651183	addons.manager	DEBUG	Provider finished startup: XPIProvider
1451971651183	addons.manager	DEBUG	Starting provider: LightweightThemeManager
1451971651183	addons.manager	DEBUG	Registering shutdown blocker for LightweightThemeManager
1451971651183	addons.manager	DEBUG	Provider finished startup: LightweightThemeManager
1451971651184	addons.manager	DEBUG	Starting provider: GMPProvider
1451971651190	addons.manager	DEBUG	Registering shutdown blocker for GMPProvider
1451971651190	addons.manager	DEBUG	Provider finished startup: GMPProvider
1451971651190	addons.manager	DEBUG	Starting provider: PluginProvider
1451971651190	addons.manager	DEBUG	Registering shutdown blocker for PluginProvider
1451971651190	addons.manager	DEBUG	Provider finished startup: PluginProvider
1451971651191	addons.manager	DEBUG	Completed startup sequence
1451971651305	addons.xpi-utils	DEBUG	Starting async load of XPI database C:\Users\BDII12~1.BDI\AppData\Local\Temp\anonymous2834783879989619608webdriver-profile\extensions.json
*** Blocklist::_loadBlocklistFromFile: blocklist is disabled
1451971651414	addons.manager	DEBUG	Starting provider: <unnamed-provider>
1451971651414	addons.manager	DEBUG	Registering shutdown blocker for <unnamed-provider>
1451971651414	addons.manager	DEBUG	Provider finished startup: <unnamed-provider>
1451971651506	addons.xpi-utils	DEBUG	Async JSON file read took 0 MS
1451971651506	addons.xpi-utils	DEBUG	Finished async read of XPI database, parsing...
1451971651508	addons.xpi-utils	DEBUG	Successfully read XPI database
1451971653460	addons.manager	DEBUG	Starting provider: PreviousExperimentProvider
1451971653461	addons.manager	DEBUG	Registering shutdown blocker for PreviousExperimentProvider
1451971653461	addons.manager	DEBUG	Provider finished startup: PreviousExperimentProvider
JavaScript error: resource://skype_ff_extension-at-jetpack/skype_ff_extension/data/c2c_options_menu_localization.js, line 189: TypeError: document.getElementById(...) is null
1451971689954	addons.xpi	DEBUG	Calling bootstrap method shutdown on {82AF8DCA-6DE9-405D-BD5E-43525BDAD38A} version 7.5.0.9082
1451971690110	addons.manager	DEBUG	shutdown
1451971690111	addons.manager	DEBUG	Calling shutdown blocker for XPIProvider
1451971690111	addons.xpi	DEBUG	shutdown
1451971690111	addons.xpi-utils	DEBUG	shutdown
1451971690112	addons.manager	DEBUG	Calling shutdown blocker for LightweightThemeManager
1451971690112	addons.manager	DEBUG	Calling shutdown blocker for GMPProvider
1451971690113	addons.manager	DEBUG	Calling shutdown blocker for PluginProvider
1451971690113	addons.manager	DEBUG	Calling shutdown blocker for <unnamed-provider>
1451971690115	addons.manager	DEBUG	Calling shutdown blocker for PreviousExperimentProvider
1451971690118	addons.xpi	DEBUG	Notifying XPI shutdown observers
1451971690122	addons.manager	DEBUG	Async provider shutdown done

Build info: version: '2.45.0', revision: '5017cb8e7ca8e37638dc3091b2440b90a1d8686f', time: '2015-02-27 09:10:26'
System info: host: 'BDII1286', ip: '10.120.65.25', os.name: 'Windows 7', os.arch: 'amd64', os.version: '6.1', java.version: '1.7.0_72'
Driver info: driver.version: SeleniumWebDriver
	at org.openqa.selenium.firefox.internal.NewProfileExtensionConnection.start(NewProfileExtensionConnection.java:130)
	at org.openqa.selenium.firefox.FirefoxDriver.startClient(FirefoxDriver.java:246)
	at org.openqa.selenium.remote.RemoteWebDriver.<init>(RemoteWebDriver.java:114)
	at org.openqa.selenium.firefox.FirefoxDriver.<init>(FirefoxDriver.java:191)
	at org.openqa.selenium.firefox.FirefoxDriver.<init>(FirefoxDriver.java:186)
	at org.openqa.selenium.firefox.FirefoxDriver.<init>(FirefoxDriver.java:182)
	at org.openqa.selenium.firefox.FirefoxDriver.<init>(FirefoxDriver.java:95)
	at com.lumata.common.testing.selenium.SeleniumWebDriver.getLocalWebDriver(SeleniumWebDriver.java:473)
	at com.lumata.common.testing.selenium.SeleniumWebDriver.getInstance(SeleniumWebDriver.java:251)
	... 26 more
Caused by: org.openqa.selenium.firefox.NotConnectedException: Unable to connect to host 127.0.0.1 on port 7055 after 45000 ms. Firefox console output:
{"d":"C:\\Users\\BDII12~1.BDI\\AppData\\Local\\Temp\\anonymous2834783879989619608webdriver-profile\\extensions\\fxdriver@googlecode.com","e":false,"v":"2.45.0","st":1451971643013,"mt":1451971642617}},"app-global":{"{82AF8DCA-6DE9-405D-BD5E-43525BDAD38A}":{"d":"C:\\Program Files (x86)\\Mozilla Firefox\\browser\\extensions\\{82AF8DCA-6DE9-405D-BD5E-43525BDAD38A}.xpi","e":true,"v":"7.5.0.9082","st":1444303946000},"{972ce4c6-7e08-4474-a285-3208198ce6fd}":{"d":"C:\\Program Files (x86)\\Mozilla Firefox\\browser\\extensions\\{972ce4c6-7e08-4474-a285-3208198ce6fd}","e":true,"v":"43.0.3","st":1451460200813,"mt":1451460200235}}}
1451971651129	addons.xpi	DEBUG	No changes found
1451971651135	addons.xpi	DEBUG	Registering manifest for C:\Program Files (x86)\Mozilla Firefox\browser\extensions\{82AF8DCA-6DE9-405D-BD5E-43525BDAD38A}.xpi
1451971651136	addons.xpi	DEBUG	Loading bootstrap scope from C:\Program Files (x86)\Mozilla Firefox\browser\extensions\{82AF8DCA-6DE9-405D-BD5E-43525BDAD38A}.xpi
1451971651141	addons.xpi	DEBUG	Calling bootstrap method startup on {82AF8DCA-6DE9-405D-BD5E-43525BDAD38A} version 7.5.0.9082
1451971651183	addons.manager	DEBUG	Registering shutdown blocker for XPIProvider
1451971651183	addons.manager	DEBUG	Provider finished startup: XPIProvider
1451971651183	addons.manager	DEBUG	Starting provider: LightweightThemeManager
1451971651183	addons.manager	DEBUG	Registering shutdown blocker for LightweightThemeManager
1451971651183	addons.manager	DEBUG	Provider finished startup: LightweightThemeManager
1451971651184	addons.manager	DEBUG	Starting provider: GMPProvider
1451971651190	addons.manager	DEBUG	Registering shutdown blocker for GMPProvider
1451971651190	addons.manager	DEBUG	Provider finished startup: GMPProvider
1451971651190	addons.manager	DEBUG	Starting provider: PluginProvider
1451971651190	addons.manager	DEBUG	Registering shutdown blocker for PluginProvider
1451971651190	addons.manager	DEBUG	Provider finished startup: PluginProvider
1451971651191	addons.manager	DEBUG	Completed startup sequence
1451971651305	addons.xpi-utils	DEBUG	Starting async load of XPI database C:\Users\BDII12~1.BDI\AppData\Local\Temp\anonymous2834783879989619608webdriver-profile\extensions.json
*** Blocklist::_loadBlocklistFromFile: blocklist is disabled
1451971651414	addons.manager	DEBUG	Starting provider: <unnamed-provider>
1451971651414	addons.manager	DEBUG	Registering shutdown blocker for <unnamed-provider>
1451971651414	addons.manager	DEBUG	Provider finished startup: <unnamed-provider>
1451971651506	addons.xpi-utils	DEBUG	Async JSON file read took 0 MS
1451971651506	addons.xpi-utils	DEBUG	Finished async read of XPI database, parsing...
1451971651508	addons.xpi-utils	DEBUG	Successfully read XPI database
1451971653460	addons.manager	DEBUG	Starting provider: PreviousExperimentProvider
1451971653461	addons.manager	DEBUG	Registering shutdown blocker for PreviousExperimentProvider
1451971653461	addons.manager	DEBUG	Provider finished startup: PreviousExperimentProvider
JavaScript error: resource://skype_ff_extension-at-jetpack/skype_ff_extension/data/c2c_options_menu_localization.js, line 189: TypeError: document.getElementById(...) is null
1451971689954	addons.xpi	DEBUG	Calling bootstrap method shutdown on {82AF8DCA-6DE9-405D-BD5E-43525BDAD38A} version 7.5.0.9082
1451971690110	addons.manager	DEBUG	shutdown
1451971690111	addons.manager	DEBUG	Calling shutdown blocker for XPIProvider
1451971690111	addons.xpi	DEBUG	shutdown
1451971690111	addons.xpi-utils	DEBUG	shutdown
1451971690112	addons.manager	DEBUG	Calling shutdown blocker for LightweightThemeManager
1451971690112	addons.manager	DEBUG	Calling shutdown blocker for GMPProvider
1451971690113	addons.manager	DEBUG	Calling shutdown blocker for PluginProvider
1451971690113	addons.manager	DEBUG	Calling shutdown blocker for <unnamed-provider>
1451971690115	addons.manager	DEBUG	Calling shutdown blocker for PreviousExperimentProvider
1451971690118	addons.xpi	DEBUG	Notifying XPI shutdown observers
1451971690122	addons.manager	DEBUG	Async provider shutdown done

	at org.openqa.selenium.firefox.internal.NewProfileExtensionConnection.start(NewProfileExtensionConnection.java:118)
	... 34 more
]]>
            </full-stacktrace>
          </exception> <!-- org.testng.TestNGException -->
          <reporter-output>
            <line>
              <![CDATA[[ configure ] LOADING configuration]]>
            </line>
            <line>
              <![CDATA[[ configure ] ENABLING selenium web driver]]>
            </line>
            <line>
              <![CDATA[[ initNetworkEnvironment ] LOADING environment]]>
            </line>
            <line>
              <![CDATA[[ initNetworkEnvironment ] LOADING custom network environment configuration ( e4o_qa5_noida )]]>
            </line>
            <line>
              <![CDATA[[ initSeleniumWebDriver ] LOADING default gui server ( actrule1 )]]>
            </line>
            <line>
              <![CDATA[[ initSeleniumWebDriver ] LOADING default gui user ( superman )]]>
            </line>
            <line>
              <![CDATA[[ initSeleniumWebDriver ] LOADING custom selenium web driver configuration ( {"remote":{"selenium_hub":"http://ci.lumata.int/wd/hub","capability":{"platform":"WINDOWS","browserName":"firefox"}},"local":{"firefox":{},"browserName":"firefox"},"type":"local"} )]]>
            </line>
          </reporter-output>
        </test-method> <!-- init -->
        <test-method status="SKIP" signature="startSession(java.lang.reflect.Method)[pri:0, instance:com.lumata.e4o.regressions.gui.TestLoginManagementLdapUser@315351de]" name="startSession" is-config="true" duration-ms="0" started-at="2016-01-05T10:58:16Z" finished-at="2016-01-05T10:58:16Z">
          <reporter-output>
          </reporter-output>
        </test-method> <!-- startSession -->
        <test-method status="SKIP" signature="initLMForm(java.lang.reflect.Method)[pri:0, instance:com.lumata.e4o.regressions.gui.TestLoginManagementLdapUser@315351de]" name="initLMForm" is-config="true" duration-ms="0" started-at="2016-01-05T10:58:16Z" finished-at="2016-01-05T10:58:16Z">
          <reporter-output>
          </reporter-output>
        </test-method> <!-- initLMForm -->
        <test-method status="SKIP" signature="testUc40_01ConfigureLdap_LoginManagementForm(java.lang.String, java.lang.String)[pri:0, instance:com.lumata.e4o.regressions.gui.TestLoginManagementLdapUser@315351de]" name="testUc40_01ConfigureLdap_LoginManagementForm" duration-ms="5" started-at="2016-01-05T10:58:16Z" finished-at="2016-01-05T10:58:16Z">
          <params>
            <param index="0">
              <value>
                <![CDATA[{ 'type':'local', 'local': { 'browserName':'firefox', 'firefox': {} }, 'remote': { 'selenium_hub':'http://ci.lumata.int/wd/hub', 'capability': { 'platform': 'WINDOWS', 'browserName': 'firefox' } } }]]>
              </value>
            </param>
            <param index="1">
              <value>
                <![CDATA[{ 'envFile':'e4o_qa5_noida', 'schemaGlobal': 'global', 'schemaMaster': 'tenantMaster', 'schemaReport': 'tenantReport', 'guiServer':'actrule1', 'guiUser':'superman' }]]>
              </value>
            </param>
          </params>
          <reporter-output>
          </reporter-output>
        </test-method> <!-- testUc40_01ConfigureLdap_LoginManagementForm -->
        <test-method status="SKIP" signature="tearDown(org.testng.ITestResult)[pri:0, instance:com.lumata.e4o.regressions.gui.TestLoginManagementLdapUser@315351de]" name="tearDown" is-config="true" duration-ms="0" started-at="2016-01-05T10:58:16Z" finished-at="2016-01-05T10:58:16Z">
          <reporter-output>
          </reporter-output>
        </test-method> <!-- tearDown -->
        <test-method status="SKIP" signature="startSession(java.lang.reflect.Method)[pri:0, instance:com.lumata.e4o.regressions.gui.TestLoginManagementLdapUser@315351de]" name="startSession" is-config="true" duration-ms="0" started-at="2016-01-05T10:58:16Z" finished-at="2016-01-05T10:58:16Z">
          <reporter-output>
          </reporter-output>
        </test-method> <!-- startSession -->
        <test-method status="SKIP" signature="initLMForm(java.lang.reflect.Method)[pri:0, instance:com.lumata.e4o.regressions.gui.TestLoginManagementLdapUser@315351de]" name="initLMForm" is-config="true" duration-ms="0" started-at="2016-01-05T10:58:16Z" finished-at="2016-01-05T10:58:16Z">
          <reporter-output>
          </reporter-output>
        </test-method> <!-- initLMForm -->
        <test-method status="SKIP" signature="testUc40_02LoginLdapUser_agency_LoginManagementForm(java.lang.String, java.lang.String)[pri:0, instance:com.lumata.e4o.regressions.gui.TestLoginManagementLdapUser@315351de]" name="testUc40_02LoginLdapUser_agency_LoginManagementForm" duration-ms="1" started-at="2016-01-05T10:58:16Z" finished-at="2016-01-05T10:58:16Z">
          <params>
            <param index="0">
              <value>
                <![CDATA[{ 'type':'local', 'local': { 'browserName':'firefox', 'firefox': {} }, 'remote': { 'selenium_hub':'http://ci.lumata.int/wd/hub', 'capability': { 'platform': 'WINDOWS', 'browserName': 'firefox' } } }]]>
              </value>
            </param>
            <param index="1">
              <value>
                <![CDATA[not-found]]>
              </value>
            </param>
          </params>
          <reporter-output>
          </reporter-output>
        </test-method> <!-- testUc40_02LoginLdapUser_agency_LoginManagementForm -->
        <test-method status="SKIP" signature="tearDown(org.testng.ITestResult)[pri:0, instance:com.lumata.e4o.regressions.gui.TestLoginManagementLdapUser@315351de]" name="tearDown" is-config="true" duration-ms="0" started-at="2016-01-05T10:58:16Z" finished-at="2016-01-05T10:58:16Z">
          <reporter-output>
          </reporter-output>
        </test-method> <!-- tearDown -->
        <test-method status="SKIP" signature="end()[pri:0, instance:com.lumata.e4o.regressions.gui.TestLoginManagementLdapUser@315351de]" name="end" is-config="true" duration-ms="0" started-at="2016-01-05T10:58:16Z" finished-at="2016-01-05T10:58:16Z">
          <reporter-output>
          </reporter-output>
        </test-method> <!-- end -->
      </class> <!-- com.lumata.e4o.regressions.gui.TestLoginManagementLdapUser -->
    </test> <!-- Default test -->
  </suite> <!-- Default suite -->
</testng-results>
